[ 2018-03-21T13:51:40+08:00 ] 127.0.0.1 /ElectiveSystem/index.php
INFO: [ app_init ] --START--
INFO: Run Behavior\BuildLiteBehavior [ RunTime:0.000045s ]
INFO: [ app_init ] --END-- [ RunTime:0.018483s ]
INFO: [ app_begin ] --START--
INFO: Run Behavior\ReadHtmlCacheBehavior [ RunTime:0.002010s ]
INFO: [ app_begin ] --END-- [ RunTime:0.002266s ]
INFO: [ view_parse ] --START--
INFO: [ template_filter ] --START--
INFO: Run Behavior\ContentReplaceBehavior [ RunTime:0.002494s ]
INFO: [ template_filter ] --END-- [ RunTime:0.002642s ]
INFO: Run Behavior\ParseTemplateBehavior [ RunTime:0.020518s ]
INFO: [ view_parse ] --END-- [ RunTime:0.020685s ]
INFO: [ view_filter ] --START--
INFO: Run Behavior\WriteHtmlCacheBehavior [ RunTime:0.000831s ]
INFO: [ view_filter ] --END-- [ RunTime:0.000940s ]
INFO: [ app_end ] --START--
INFO: Run Behavior\ShowPageTraceBehavior [ RunTime:0.001744s ]
INFO: [ app_end ] --END-- [ RunTime:0.001887s ]

[ 2018-03-21T13:51:56+08:00 ] 127.0.0.1 /ElectiveSystem/index.php/Home/Index/checkLogin.html
INFO: [ app_init ] --START--
INFO: Run Behavior\BuildLiteBehavior [ RunTime:0.000024s ]
INFO: [ app_init ] --END-- [ RunTime:0.000538s ]
INFO: [ app_begin ] --START--
INFO: Run Behavior\ReadHtmlCacheBehavior [ RunTime:0.000596s ]
INFO: [ app_begin ] --END-- [ RunTime:0.000741s ]
SQL: SHOW COLUMNS FROM `teacher` [ RunTime:0.0411s ]
SQL: SELECT * FROM `teacher` WHERE `TeaNo` = '2' AND `Pwd` = '2' LIMIT 1   [ RunTime:0.0441s ]
SQL: SHOW COLUMNS FROM `class` [ RunTime:0.0082s ]
SQL: SELECT * FROM `class` LIMIT 1   [ RunTime:0.0004s ]
NOTIC: [8] Undefined index: teacher D:\wamp\www\ElectiveSystem\Home\Controller\IndexController.class.php 第 80 行.
INFO: [ view_parse ] --START--
INFO: [ template_filter ] --START--
INFO: Run Behavior\ContentReplaceBehavior [ RunTime:0.000143s ]
INFO: [ template_filter ] --END-- [ RunTime:0.000402s ]
INFO: Run Behavior\ParseTemplateBehavior [ RunTime:0.013732s ]
INFO: [ view_parse ] --END-- [ RunTime:0.014078s ]
INFO: [ view_filter ] --START--
INFO: Run Behavior\WriteHtmlCacheBehavior [ RunTime:0.000645s ]
INFO: [ view_filter ] --END-- [ RunTime:0.000885s ]
INFO: [ app_end ] --START--
INFO: Run Behavior\ShowPageTraceBehavior [ RunTime:0.000986s ]
INFO: [ app_end ] --END-- [ RunTime:0.001267s ]

[ 2018-03-21T13:51:57+08:00 ] 127.0.0.1 /ElectiveSystem/index.php/Home/Teacher/index.html
INFO: [ app_init ] --START--
INFO: Run Behavior\BuildLiteBehavior [ RunTime:0.000046s ]
INFO: [ app_init ] --END-- [ RunTime:0.000794s ]
INFO: [ app_begin ] --START--
INFO: Run Behavior\ReadHtmlCacheBehavior [ RunTime:0.000815s ]
INFO: [ app_begin ] --END-- [ RunTime:0.001026s ]
INFO: [ view_parse ] --START--
INFO: [ template_filter ] --START--
INFO: Run Behavior\ContentReplaceBehavior [ RunTime:0.000111s ]
INFO: [ template_filter ] --END-- [ RunTime:0.000330s ]
INFO: Run Behavior\ParseTemplateBehavior [ RunTime:0.038994s ]
INFO: [ view_parse ] --END-- [ RunTime:0.039295s ]
INFO: [ view_filter ] --START--
INFO: Run Behavior\WriteHtmlCacheBehavior [ RunTime:0.000600s ]
INFO: [ view_filter ] --END-- [ RunTime:0.000798s ]
INFO: [ app_end ] --START--
INFO: Run Behavior\ShowPageTraceBehavior [ RunTime:0.000821s ]
INFO: [ app_end ] --END-- [ RunTime:0.001026s ]

[ 2018-03-21T13:52:04+08:00 ] 127.0.0.1 /ElectiveSystem/index.php/Home/Teacher/coulist.html
INFO: [ app_init ] --START--
INFO: Run Behavior\BuildLiteBehavior [ RunTime:0.000024s ]
INFO: [ app_init ] --END-- [ RunTime:0.000440s ]
INFO: [ app_begin ] --START--
INFO: Run Behavior\ReadHtmlCacheBehavior [ RunTime:0.000621s ]
INFO: [ app_begin ] --END-- [ RunTime:0.000769s ]
SQL: SHOW COLUMNS FROM `course` [ RunTime:0.0033s ]
SQL: SELECT * FROM `course` WHERE `TeaNo` = '2'  [ RunTime:0.0007s ]
INFO: [ view_parse ] --START--
INFO: [ template_filter ] --START--
INFO: Run Behavior\ContentReplaceBehavior [ RunTime:0.000063s ]
INFO: [ template_filter ] --END-- [ RunTime:0.000176s ]
INFO: Run Behavior\ParseTemplateBehavior [ RunTime:0.035855s ]
INFO: [ view_parse ] --END-- [ RunTime:0.035987s ]
INFO: [ view_filter ] --START--
INFO: Run Behavior\WriteHtmlCacheBehavior [ RunTime:0.000288s ]
INFO: [ view_filter ] --END-- [ RunTime:0.000390s ]
INFO: [ app_end ] --START--
INFO: Run Behavior\ShowPageTraceBehavior [ RunTime:0.000607s ]
INFO: [ app_end ] --END-- [ RunTime:0.000713s ]

[ 2018-03-21T13:52:09+08:00 ] 127.0.0.1 /ElectiveSystem/index.php/Home/Teacher/index.html
INFO: [ app_init ] --START--
INFO: Run Behavior\BuildLiteBehavior [ RunTime:0.000042s ]
INFO: [ app_init ] --END-- [ RunTime:0.000783s ]
INFO: [ app_begin ] --START--
INFO: Run Behavior\ReadHtmlCacheBehavior [ RunTime:0.000507s ]
INFO: [ app_begin ] --END-- [ RunTime:0.000630s ]
INFO: [ view_parse ] --START--
INFO: [ template_filter ] --START--
INFO: Run Behavior\ContentReplaceBehavior [ RunTime:0.000057s ]
INFO: [ template_filter ] --END-- [ RunTime:0.000166s ]
INFO: Run Behavior\ParseTemplateBehavior [ RunTime:0.005862s ]
INFO: [ view_parse ] --END-- [ RunTime:0.005985s ]
INFO: [ view_filter ] --START--
INFO: Run Behavior\WriteHtmlCacheBehavior [ RunTime:0.000299s ]
INFO: [ view_filter ] --END-- [ RunTime:0.000399s ]
INFO: [ app_end ] --START--
INFO: Run Behavior\ShowPageTraceBehavior [ RunTime:0.000469s ]
INFO: [ app_end ] --END-- [ RunTime:0.000576s ]

[ 2018-03-21T13:52:10+08:00 ] 127.0.0.1 /ElectiveSystem/index.php/Home/Teacher/add.html
INFO: [ app_init ] --START--
INFO: Run Behavior\BuildLiteBehavior [ RunTime:0.000039s ]
INFO: [ app_init ] --END-- [ RunTime:0.000675s ]
INFO: [ app_begin ] --START--
INFO: Run Behavior\ReadHtmlCacheBehavior [ RunTime:0.000456s ]
INFO: [ app_begin ] --END-- [ RunTime:0.000569s ]
INFO: [ view_parse ] --START--
INFO: [ template_filter ] --START--
INFO: Run Behavior\ContentReplaceBehavior [ RunTime:0.000066s ]
INFO: [ template_filter ] --END-- [ RunTime:0.000197s ]
INFO: Run Behavior\ParseTemplateBehavior [ RunTime:0.065566s ]
INFO: [ view_parse ] --END-- [ RunTime:0.065873s ]
INFO: [ view_filter ] --START--
INFO: Run Behavior\WriteHtmlCacheBehavior [ RunTime:0.001171s ]
INFO: [ view_filter ] --END-- [ RunTime:0.001595s ]
INFO: [ app_end ] --START--
INFO: Run Behavior\ShowPageTraceBehavior [ RunTime:0.002612s ]
INFO: [ app_end ] --END-- [ RunTime:0.003136s ]

[ 2018-03-21T14:01:48+08:00 ] 127.0.0.1 /ElectiveSystem/index.php/Home/Teacher/index.html
INFO: [ app_init ] --START--
INFO: Run Behavior\BuildLiteBehavior [ RunTime:0.000023s ]
INFO: [ app_init ] --END-- [ RunTime:0.000502s ]
INFO: [ app_begin ] --START--
INFO: Run Behavior\ReadHtmlCacheBehavior [ RunTime:0.000686s ]
INFO: [ app_begin ] --END-- [ RunTime:0.000799s ]
INFO: [ view_parse ] --START--
INFO: [ template_filter ] --START--
INFO: Run Behavior\ContentReplaceBehavior [ RunTime:0.000059s ]
INFO: [ template_filter ] --END-- [ RunTime:0.000166s ]
INFO: Run Behavior\ParseTemplateBehavior [ RunTime:0.008941s ]
INFO: [ view_parse ] --END-- [ RunTime:0.009064s ]
INFO: [ view_filter ] --START--
INFO: Run Behavior\WriteHtmlCacheBehavior [ RunTime:0.000506s ]
INFO: [ view_filter ] --END-- [ RunTime:0.000610s ]
INFO: [ app_end ] --START--
INFO: Run Behavior\ShowPageTraceBehavior [ RunTime:0.000616s ]
INFO: [ app_end ] --END-- [ RunTime:0.000722s ]

[ 2018-03-21T14:42:32+08:00 ] 127.0.0.1 /ElectiveSystem/index.php/Home/Teacher/add.html
INFO: [ app_init ] --START--
INFO: Run Behavior\BuildLiteBehavior [ RunTime:0.000029s ]
INFO: [ app_init ] --END-- [ RunTime:0.001581s ]
INFO: [ app_begin ] --START--
INFO: Run Behavior\ReadHtmlCacheBehavior [ RunTime:0.002935s ]
INFO: [ app_begin ] --END-- [ RunTime:0.003077s ]
INFO: [ view_parse ] --START--
INFO: [ template_filter ] --START--
INFO: Run Behavior\ContentReplaceBehavior [ RunTime:0.000064s ]
INFO: [ template_filter ] --END-- [ RunTime:0.000185s ]
INFO: Run Behavior\ParseTemplateBehavior [ RunTime:0.040686s ]
INFO: [ view_parse ] --END-- [ RunTime:0.040840s ]
INFO: [ view_filter ] --START--
INFO: Run Behavior\WriteHtmlCacheBehavior [ RunTime:0.003336s ]
INFO: [ view_filter ] --END-- [ RunTime:0.003458s ]
INFO: [ app_end ] --START--
INFO: Run Behavior\ShowPageTraceBehavior [ RunTime:0.004007s ]
INFO: [ app_end ] --END-- [ RunTime:0.004132s ]

[ 2018-03-21T14:42:35+08:00 ] 127.0.0.1 /ElectiveSystem/index.php/Home/Teacher/index.html
INFO: [ app_init ] --START--
INFO: Run Behavior\BuildLiteBehavior [ RunTime:0.000024s ]
INFO: [ app_init ] --END-- [ RunTime:0.000862s ]
INFO: [ app_begin ] --START--
INFO: Run Behavior\ReadHtmlCacheBehavior [ RunTime:0.002299s ]
INFO: [ app_begin ] --END-- [ RunTime:0.002421s ]
INFO: [ view_parse ] --START--
INFO: [ template_filter ] --START--
INFO: Run Behavior\ContentReplaceBehavior [ RunTime:0.000061s ]
INFO: [ template_filter ] --END-- [ RunTime:0.000179s ]
INFO: Run Behavior\ParseTemplateBehavior [ RunTime:0.014811s ]
INFO: [ view_parse ] --END-- [ RunTime:0.014923s ]
INFO: [ view_filter ] --START--
INFO: Run Behavior\WriteHtmlCacheBehavior [ RunTime:0.002108s ]
INFO: [ view_filter ] --END-- [ RunTime:0.002211s ]
INFO: [ app_end ] --START--
INFO: Run Behavior\ShowPageTraceBehavior [ RunTime:0.002223s ]
INFO: [ app_end ] --END-- [ RunTime:0.002330s ]

[ 2018-03-21T14:42:37+08:00 ] 127.0.0.1 /ElectiveSystem/index.php/Home/Teacher/coulist.html
INFO: [ app_init ] --START--
INFO: Run Behavior\BuildLiteBehavior [ RunTime:0.000029s ]
INFO: [ app_init ] --END-- [ RunTime:0.001056s ]
INFO: [ app_begin ] --START--
INFO: Run Behavior\ReadHtmlCacheBehavior [ RunTime:0.004235s ]
INFO: [ app_begin ] --END-- [ RunTime:0.004419s ]
SQL: SHOW COLUMNS FROM `course` [ RunTime:0.0009s ]
SQL: SELECT * FROM `course` WHERE `TeaNo` = '2'  [ RunTime:0.0003s ]
INFO: [ view_parse ] --START--
INFO: [ template_filter ] --START--
INFO: Run Behavior\ContentReplaceBehavior [ RunTime:0.000066s ]
INFO: [ template_filter ] --END-- [ RunTime:0.000187s ]
INFO: Run Behavior\ParseTemplateBehavior [ RunTime:0.044743s ]
INFO: [ view_parse ] --END-- [ RunTime:0.044947s ]
INFO: [ view_filter ] --START--
INFO: Run Behavior\WriteHtmlCacheBehavior [ RunTime:0.003247s ]
INFO: [ view_filter ] --END-- [ RunTime:0.003432s ]
INFO: [ app_end ] --START--
INFO: Run Behavior\ShowPageTraceBehavior [ RunTime:0.003375s ]
INFO: [ app_end ] --END-- [ RunTime:0.003569s ]

[ 2018-03-21T14:42:38+08:00 ] 127.0.0.1 /ElectiveSystem/index.php/Home/Teacher/index.html
INFO: [ app_init ] --START--
INFO: Run Behavior\BuildLiteBehavior [ RunTime:0.000026s ]
INFO: [ app_init ] --END-- [ RunTime:0.000965s ]
INFO: [ app_begin ] --START--
INFO: Run Behavior\ReadHtmlCacheBehavior [ RunTime:0.002838s ]
INFO: [ app_begin ] --END-- [ RunTime:0.002983s ]
INFO: [ view_parse ] --START--
INFO: [ template_filter ] --START--
INFO: Run Behavior\ContentReplaceBehavior [ RunTime:0.000059s ]
INFO: [ template_filter ] --END-- [ RunTime:0.000177s ]
INFO: Run Behavior\ParseTemplateBehavior [ RunTime:0.016608s ]
INFO: [ view_parse ] --END-- [ RunTime:0.016733s ]
INFO: [ view_filter ] --START--
INFO: Run Behavior\WriteHtmlCacheBehavior [ RunTime:0.002227s ]
INFO: [ view_filter ] --END-- [ RunTime:0.002372s ]
INFO: [ app_end ] --START--
INFO: Run Behavior\ShowPageTraceBehavior [ RunTime:0.002262s ]
INFO: [ app_end ] --END-- [ RunTime:0.002370s ]

[ 2018-03-21T14:42:39+08:00 ] 127.0.0.1 /ElectiveSystem/index.php/Home/Teacher/add.html
INFO: [ app_init ] --START--
INFO: Run Behavior\BuildLiteBehavior [ RunTime:0.000025s ]
INFO: [ app_init ] --END-- [ RunTime:0.000892s ]
INFO: [ app_begin ] --START--
INFO: Run Behavior\ReadHtmlCacheBehavior [ RunTime:0.002307s ]
INFO: [ app_begin ] --END-- [ RunTime:0.002442s ]
INFO: [ view_parse ] --START--
INFO: [ template_filter ] --START--
INFO: Run Behavior\ContentReplaceBehavior [ RunTime:0.000061s ]
INFO: [ template_filter ] --END-- [ RunTime:0.000179s ]
INFO: Run Behavior\ParseTemplateBehavior [ RunTime:0.012447s ]
INFO: [ view_parse ] --END-- [ RunTime:0.012653s ]
INFO: [ view_filter ] --START--
INFO: Run Behavior\WriteHtmlCacheBehavior [ RunTime:0.003447s ]
INFO: [ view_filter ] --END-- [ RunTime:0.003588s ]
INFO: [ app_end ] --START--
INFO: Run Behavior\ShowPageTraceBehavior [ RunTime:0.002353s ]
INFO: [ app_end ] --END-- [ RunTime:0.002463s ]

[ 2018-03-21T14:43:28+08:00 ] 127.0.0.1 /ElectiveSystem/index.php/Home/Teacher/add_do.html
INFO: [ app_init ] --START--
INFO: Run Behavior\BuildLiteBehavior [ RunTime:0.000030s ]
INFO: [ app_init ] --END-- [ RunTime:0.000560s ]
INFO: [ app_begin ] --START--
INFO: Run Behavior\ReadHtmlCacheBehavior [ RunTime:0.001115s ]
INFO: [ app_begin ] --END-- [ RunTime:0.001253s ]
SQL: SHOW COLUMNS FROM `course` [ RunTime:0.0009s ]
NOTIC: [8] Undefined index: validate D:\wamp\www\ElectiveSystem\ThinkPHP\Library\Think\Model.class.php 第 1185 行.
NOTIC: [8] Undefined index: auto D:\wamp\www\ElectiveSystem\ThinkPHP\Library\Think\Model.class.php 第 1128 行.
ERR: 1364:Field 't1' doesn't have a default value
 [ SQL语句 ] : INSERT INTO `course` (`CouNo`,`CouName`,`TeaNo`,`TeaName`,`LimitNum`,`Credit`,`SchoolTime`,`Location`,`ClassHour`,`ExpHour`) VALUES ('0','课程名称1','2','teacher1','501','41','周一3-4节','C1-4031','12','0')
ERR: 1364:Field 't1' doesn't have a default value
 [ SQL语句 ] : INSERT INTO `course` (`CouNo`,`CouName`,`TeaNo`,`TeaName`,`LimitNum`,`Credit`,`SchoolTime`,`Location`,`ClassHour`,`ExpHour`) VALUES ('0','课程名称1','2','teacher1','501','41','周一3-4节','C1-4031','12','0')

[ 2018-03-21T14:47:20+08:00 ] 127.0.0.1 /ElectiveSystem/index.php/Home/Teacher/add_do.html
INFO: [ app_init ] --START--
INFO: Run Behavior\BuildLiteBehavior [ RunTime:0.000026s ]
INFO: [ app_init ] --END-- [ RunTime:0.000883s ]
INFO: [ app_begin ] --START--
INFO: Run Behavior\ReadHtmlCacheBehavior [ RunTime:0.004762s ]
INFO: [ app_begin ] --END-- [ RunTime:0.004896s ]
SQL: SHOW COLUMNS FROM `course` [ RunTime:0.0010s ]
NOTIC: [8] Undefined index: validate D:\wamp\www\ElectiveSystem\ThinkPHP\Library\Think\Model.class.php 第 1185 行.
NOTIC: [8] Undefined index: auto D:\wamp\www\ElectiveSystem\ThinkPHP\Library\Think\Model.class.php 第 1128 行.
SQL: INSERT INTO `course` (`CouNo`,`CouName`,`TeaNo`,`TeaName`,`LimitNum`,`Credit`,`SchoolTime`,`Location`,`ClassHour`,`ExpHour`) VALUES ('0','课程名称1','2','teacher1','501','41','周一3-4节','C1-4031','12','0') [ RunTime:0.0004s ]
INFO: [ view_parse ] --START--
INFO: [ template_filter ] --START--
INFO: Run Behavior\ContentReplaceBehavior [ RunTime:0.000064s ]
INFO: [ template_filter ] --END-- [ RunTime:0.000182s ]
INFO: Run Behavior\ParseTemplateBehavior [ RunTime:0.016726s ]
INFO: [ view_parse ] --END-- [ RunTime:0.016896s ]
INFO: [ view_filter ] --START--
INFO: Run Behavior\WriteHtmlCacheBehavior [ RunTime:0.003297s ]
INFO: [ view_filter ] --END-- [ RunTime:0.003480s ]
INFO: [ app_end ] --START--
INFO: Run Behavior\ShowPageTraceBehavior [ RunTime:0.003579s ]
INFO: [ app_end ] --END-- [ RunTime:0.003737s ]

[ 2018-03-21T14:47:21+08:00 ] 127.0.0.1 /ElectiveSystem/index.php/Home/Teacher/coulist.html
INFO: [ app_init ] --START--
INFO: Run Behavior\BuildLiteBehavior [ RunTime:0.000026s ]
INFO: [ app_init ] --END-- [ RunTime:0.000890s ]
INFO: [ app_begin ] --START--
INFO: Run Behavior\ReadHtmlCacheBehavior [ RunTime:0.002209s ]
INFO: [ app_begin ] --END-- [ RunTime:0.002322s ]
SQL: SHOW COLUMNS FROM `course` [ RunTime:0.0011s ]
SQL: SELECT * FROM `course` WHERE `TeaNo` = '2'  [ RunTime:0.0003s ]
INFO: [ view_parse ] --START--
INFO: [ template_filter ] --START--
INFO: Run Behavior\ContentReplaceBehavior [ RunTime:0.000066s ]
INFO: [ template_filter ] --END-- [ RunTime:0.000184s ]
INFO: Run Behavior\ParseTemplateBehavior [ RunTime:0.019192s ]
INFO: [ view_parse ] --END-- [ RunTime:0.019445s ]
INFO: [ view_filter ] --START--
INFO: Run Behavior\WriteHtmlCacheBehavior [ RunTime:0.003610s ]
INFO: [ view_filter ] --END-- [ RunTime:0.003799s ]
INFO: [ app_end ] --START--
INFO: Run Behavior\ShowPageTraceBehavior [ RunTime:0.002622s ]
INFO: [ app_end ] --END-- [ RunTime:0.002754s ]

[ 2018-03-21T14:47:31+08:00 ] 127.0.0.1 /ElectiveSystem/index.php/Home/Teacher/courseListDetail.html
INFO: [ app_init ] --START--
INFO: Run Behavior\BuildLiteBehavior [ RunTime:0.000029s ]
INFO: [ app_init ] --END-- [ RunTime:0.003097s ]
INFO: [ app_begin ] --START--
INFO: Run Behavior\ReadHtmlCacheBehavior [ RunTime:0.002226s ]
INFO: [ app_begin ] --END-- [ RunTime:0.002341s ]
SQL: SHOW COLUMNS FROM `stucou` [ RunTime:0.0005s ]
SQL: SELECT * FROM `stucou` WHERE `CouNo` = '20'  [ RunTime:0.0010s ]
NOTIC: [8] Undefined variable: stuMessage D:\wamp\www\ElectiveSystem\Home\Controller\TeacherController.class.php 第 61 行.
INFO: [ view_parse ] --START--
INFO: [ template_filter ] --START--
INFO: Run Behavior\ContentReplaceBehavior [ RunTime:0.000090s ]
INFO: [ template_filter ] --END-- [ RunTime:0.000221s ]
INFO: Run Behavior\ParseTemplateBehavior [ RunTime:0.016877s ]
INFO: [ view_parse ] --END-- [ RunTime:0.017018s ]
INFO: [ view_filter ] --START--
INFO: Run Behavior\WriteHtmlCacheBehavior [ RunTime:0.004096s ]
INFO: [ view_filter ] --END-- [ RunTime:0.004218s ]
INFO: [ app_end ] --START--
INFO: Run Behavior\ShowPageTraceBehavior [ RunTime:0.002261s ]
INFO: [ app_end ] --END-- [ RunTime:0.002368s ]

[ 2018-03-21T14:47:32+08:00 ] 127.0.0.1 /ElectiveSystem/index.php/Home/Teacher/coulist.html
INFO: [ app_init ] --START--
INFO: Run Behavior\BuildLiteBehavior [ RunTime:0.000027s ]
INFO: [ app_init ] --END-- [ RunTime:0.000955s ]
INFO: [ app_begin ] --START--
INFO: Run Behavior\ReadHtmlCacheBehavior [ RunTime:0.002466s ]
INFO: [ app_begin ] --END-- [ RunTime:0.002611s ]
SQL: SHOW COLUMNS FROM `course` [ RunTime:0.0008s ]
SQL: SELECT * FROM `course` WHERE `TeaNo` = '2'  [ RunTime:0.0003s ]
INFO: [ view_parse ] --START--
INFO: [ template_filter ] --START--
INFO: Run Behavior\ContentReplaceBehavior [ RunTime:0.000105s ]
INFO: [ template_filter ] --END-- [ RunTime:0.000309s ]
INFO: Run Behavior\ParseTemplateBehavior [ RunTime:0.021765s ]
INFO: [ view_parse ] --END-- [ RunTime:0.021971s ]
INFO: [ view_filter ] --START--
INFO: Run Behavior\WriteHtmlCacheBehavior [ RunTime:0.002887s ]
INFO: [ view_filter ] --END-- [ RunTime:0.003036s ]
INFO: [ app_end ] --START--
INFO: Run Behavior\ShowPageTraceBehavior [ RunTime:0.002350s ]
INFO: [ app_end ] --END-- [ RunTime:0.002513s ]

[ 2018-03-21T14:47:41+08:00 ] 127.0.0.1 /ElectiveSystem/index.php/Home/Teacher/index.html
INFO: [ app_init ] --START--
INFO: Run Behavior\BuildLiteBehavior [ RunTime:0.000029s ]
INFO: [ app_init ] --END-- [ RunTime:0.002523s ]
INFO: [ app_begin ] --START--
INFO: Run Behavior\ReadHtmlCacheBehavior [ RunTime:0.002235s ]
INFO: [ app_begin ] --END-- [ RunTime:0.002350s ]
INFO: [ view_parse ] --START--
INFO: [ template_filter ] --START--
INFO: Run Behavior\ContentReplaceBehavior [ RunTime:0.000059s ]
INFO: [ template_filter ] --END-- [ RunTime:0.000175s ]
INFO: Run Behavior\ParseTemplateBehavior [ RunTime:0.015052s ]
INFO: [ view_parse ] --END-- [ RunTime:0.015174s ]
INFO: [ view_filter ] --START--
INFO: Run Behavior\WriteHtmlCacheBehavior [ RunTime:0.002109s ]
INFO: [ view_filter ] --END-- [ RunTime:0.002214s ]
INFO: [ app_end ] --START--
INFO: Run Behavior\ShowPageTraceBehavior [ RunTime:0.002226s ]
INFO: [ app_end ] --END-- [ RunTime:0.002332s ]

[ 2018-03-21T14:49:38+08:00 ] 127.0.0.1 /ElectiveSystem/index.php/Home/Teacher/coulist.html
INFO: [ app_init ] --START--
INFO: Run Behavior\BuildLiteBehavior [ RunTime:0.000025s ]
INFO: [ app_init ] --END-- [ RunTime:0.000588s ]
INFO: [ app_begin ] --START--
INFO: Run Behavior\ReadHtmlCacheBehavior [ RunTime:0.001081s ]
INFO: [ app_begin ] --END-- [ RunTime:0.001195s ]
SQL: SHOW COLUMNS FROM `course` [ RunTime:0.0008s ]
SQL: SELECT * FROM `course` WHERE `TeaNo` = '2'  [ RunTime:0.0003s ]
INFO: [ view_parse ] --START--
INFO: [ template_filter ] --START--
INFO: Run Behavior\ContentReplaceBehavior [ RunTime:0.000067s ]
INFO: [ template_filter ] --END-- [ RunTime:0.000183s ]
INFO: Run Behavior\ParseTemplateBehavior [ RunTime:0.013291s ]
INFO: [ view_parse ] --END-- [ RunTime:0.013419s ]
INFO: [ view_filter ] --START--
INFO: Run Behavior\WriteHtmlCacheBehavior [ RunTime:0.000953s ]
INFO: [ view_filter ] --END-- [ RunTime:0.001060s ]
INFO: [ app_end ] --START--
INFO: Run Behavior\ShowPageTraceBehavior [ RunTime:0.001086s ]
INFO: [ app_end ] --END-- [ RunTime:0.001196s ]

[ 2018-03-21T14:56:26+08:00 ] 127.0.0.1 /ElectiveSystem/index.php/Home/Teacher/index.html
INFO: [ app_init ] --START--
INFO: Run Behavior\BuildLiteBehavior [ RunTime:0.000024s ]
INFO: [ app_init ] --END-- [ RunTime:0.000506s ]
INFO: [ app_begin ] --START--
INFO: Run Behavior\ReadHtmlCacheBehavior [ RunTime:0.001064s ]
INFO: [ app_begin ] --END-- [ RunTime:0.001176s ]
INFO: [ view_parse ] --START--
INFO: [ template_filter ] --START--
INFO: Run Behavior\ContentReplaceBehavior [ RunTime:0.000062s ]
INFO: [ template_filter ] --END-- [ RunTime:0.000181s ]
INFO: Run Behavior\ParseTemplateBehavior [ RunTime:0.009759s ]
INFO: [ view_parse ] --END-- [ RunTime:0.009872s ]
INFO: [ view_filter ] --START--
INFO: Run Behavior\WriteHtmlCacheBehavior [ RunTime:0.000923s ]
INFO: [ view_filter ] --END-- [ RunTime:0.001027s ]
INFO: [ app_end ] --START--
INFO: Run Behavior\ShowPageTraceBehavior [ RunTime:0.001078s ]
INFO: [ app_end ] --END-- [ RunTime:0.001202s ]

[ 2018-03-21T14:56:27+08:00 ] 127.0.0.1 /ElectiveSystem/index.php/Home/Teacher/coulist.html
INFO: [ app_init ] --START--
INFO: Run Behavior\BuildLiteBehavior [ RunTime:0.000025s ]
INFO: [ app_init ] --END-- [ RunTime:0.000498s ]
INFO: [ app_begin ] --START--
INFO: Run Behavior\ReadHtmlCacheBehavior [ RunTime:0.001430s ]
INFO: [ app_begin ] --END-- [ RunTime:0.001570s ]
SQL: SHOW COLUMNS FROM `course` [ RunTime:0.0010s ]
SQL: SELECT * FROM `course` WHERE `TeaNo` = '2'  [ RunTime:0.0004s ]
INFO: [ view_parse ] --START--
INFO: [ template_filter ] --START--
INFO: Run Behavior\ContentReplaceBehavior [ RunTime:0.000064s ]
INFO: [ template_filter ] --END-- [ RunTime:0.000178s ]
INFO: Run Behavior\ParseTemplateBehavior [ RunTime:0.012713s ]
INFO: [ view_parse ] --END-- [ RunTime:0.013061s ]
INFO: [ view_filter ] --START--
INFO: Run Behavior\WriteHtmlCacheBehavior [ RunTime:0.001178s ]
INFO: [ view_filter ] --END-- [ RunTime:0.001291s ]
INFO: [ app_end ] --START--
INFO: Run Behavior\ShowPageTraceBehavior [ RunTime:0.001216s ]
INFO: [ app_end ] --END-- [ RunTime:0.001468s ]

[ 2018-03-21T14:56:28+08:00 ] 127.0.0.1 /ElectiveSystem/index.php/Home/Teacher/index.html
INFO: [ app_init ] --START--
INFO: Run Behavior\BuildLiteBehavior [ RunTime:0.000027s ]
INFO: [ app_init ] --END-- [ RunTime:0.000614s ]
INFO: [ app_begin ] --START--
INFO: Run Behavior\ReadHtmlCacheBehavior [ RunTime:0.001427s ]
INFO: [ app_begin ] --END-- [ RunTime:0.001580s ]
INFO: [ view_parse ] --START--
INFO: [ template_filter ] --START--
INFO: Run Behavior\ContentReplaceBehavior [ RunTime:0.000062s ]
INFO: [ template_filter ] --END-- [ RunTime:0.000181s ]
INFO: Run Behavior\ParseTemplateBehavior [ RunTime:0.008988s ]
INFO: [ view_parse ] --END-- [ RunTime:0.009119s ]
INFO: [ view_filter ] --START--
INFO: Run Behavior\WriteHtmlCacheBehavior [ RunTime:0.001216s ]
INFO: [ view_filter ] --END-- [ RunTime:0.001374s ]
INFO: [ app_end ] --START--
INFO: Run Behavior\ShowPageTraceBehavior [ RunTime:0.001835s ]
INFO: [ app_end ] --END-- [ RunTime:0.002178s ]

[ 2018-03-21T14:56:29+08:00 ] 127.0.0.1 /ElectiveSystem/index.php/Home/Teacher/add.html
INFO: [ app_init ] --START--
INFO: Run Behavior\BuildLiteBehavior [ RunTime:0.000075s ]
INFO: [ app_init ] --END-- [ RunTime:0.001207s ]
INFO: [ app_begin ] --START--
INFO: Run Behavior\ReadHtmlCacheBehavior [ RunTime:0.001167s ]
INFO: [ app_begin ] --END-- [ RunTime:0.001288s ]
INFO: [ view_parse ] --START--
INFO: [ template_filter ] --START--
INFO: Run Behavior\ContentReplaceBehavior [ RunTime:0.000059s ]
INFO: [ template_filter ] --END-- [ RunTime:0.000166s ]
INFO: Run Behavior\ParseTemplateBehavior [ RunTime:0.007771s ]
INFO: [ view_parse ] --END-- [ RunTime:0.007942s ]
INFO: [ view_filter ] --START--
INFO: Run Behavior\WriteHtmlCacheBehavior [ RunTime:0.002688s ]
INFO: [ view_filter ] --END-- [ RunTime:0.002894s ]
INFO: [ app_end ] --START--
INFO: Run Behavior\ShowPageTraceBehavior [ RunTime:0.002457s ]
INFO: [ app_end ] --END-- [ RunTime:0.002632s ]

[ 2018-03-21T14:58:10+08:00 ] 127.0.0.1 /ElectiveSystem/index.php/Home/Teacher/add.html
INFO: [ app_init ] --START--
INFO: Run Behavior\BuildLiteBehavior [ RunTime:0.000024s ]
INFO: [ app_init ] --END-- [ RunTime:0.000516s ]
INFO: [ app_begin ] --START--
INFO: Run Behavior\ReadHtmlCacheBehavior [ RunTime:0.002736s ]
INFO: [ app_begin ] --END-- [ RunTime:0.002996s ]
INFO: [ view_parse ] --START--
INFO: [ template_filter ] --START--
INFO: Run Behavior\ContentReplaceBehavior [ RunTime:0.000062s ]
INFO: [ template_filter ] --END-- [ RunTime:0.000175s ]
INFO: Run Behavior\ParseTemplateBehavior [ RunTime:0.007921s ]
INFO: [ view_parse ] --END-- [ RunTime:0.008042s ]
INFO: [ view_filter ] --START--
INFO: Run Behavior\WriteHtmlCacheBehavior [ RunTime:0.000942s ]
INFO: [ view_filter ] --END-- [ RunTime:0.001045s ]
INFO: [ app_end ] --START--
INFO: Run Behavior\ShowPageTraceBehavior [ RunTime:0.002351s ]
INFO: [ app_end ] --END-- [ RunTime:0.002783s ]

[ 2018-03-21T15:05:09+08:00 ] 127.0.0.1 /ElectiveSystem/index.php/Home/Teacher/add.html
INFO: [ app_init ] --START--
INFO: Run Behavior\BuildLiteBehavior [ RunTime:0.000024s ]
INFO: [ app_init ] --END-- [ RunTime:0.000498s ]
INFO: [ app_begin ] --START--
INFO: Run Behavior\ReadHtmlCacheBehavior [ RunTime:0.001038s ]
INFO: [ app_begin ] --END-- [ RunTime:0.001153s ]
INFO: [ view_parse ] --START--
INFO: [ template_filter ] --START--
INFO: Run Behavior\ContentReplaceBehavior [ RunTime:0.000065s ]
INFO: [ template_filter ] --END-- [ RunTime:0.000181s ]
INFO: Run Behavior\ParseTemplateBehavior [ RunTime:0.009666s ]
INFO: [ view_parse ] --END-- [ RunTime:0.009810s ]
INFO: [ view_filter ] --START--
INFO: Run Behavior\WriteHtmlCacheBehavior [ RunTime:0.000932s ]
INFO: [ view_filter ] --END-- [ RunTime:0.001034s ]
INFO: [ app_end ] --START--
INFO: Run Behavior\ShowPageTraceBehavior [ RunTime:0.001072s ]
INFO: [ app_end ] --END-- [ RunTime:0.001180s ]

[ 2018-03-21T15:06:05+08:00 ] 127.0.0.1 /ElectiveSystem/index.php/Home/Teacher/add.html
INFO: [ app_init ] --START--
INFO: Run Behavior\BuildLiteBehavior [ RunTime:0.000040s ]
INFO: [ app_init ] --END-- [ RunTime:0.000848s ]
INFO: [ app_begin ] --START--
INFO: Run Behavior\ReadHtmlCacheBehavior [ RunTime:0.001091s ]
INFO: [ app_begin ] --END-- [ RunTime:0.001208s ]
INFO: [ view_parse ] --START--
INFO: [ template_filter ] --START--
INFO: Run Behavior\ContentReplaceBehavior [ RunTime:0.000062s ]
INFO: [ template_filter ] --END-- [ RunTime:0.000177s ]
INFO: Run Behavior\ParseTemplateBehavior [ RunTime:0.007581s ]
INFO: [ view_parse ] --END-- [ RunTime:0.007699s ]
INFO: [ view_filter ] --START--
INFO: Run Behavior\WriteHtmlCacheBehavior [ RunTime:0.001451s ]
INFO: [ view_filter ] --END-- [ RunTime:0.001611s ]
INFO: [ app_end ] --START--
INFO: Run Behavior\ShowPageTraceBehavior [ RunTime:0.003353s ]
INFO: [ app_end ] --END-- [ RunTime:0.003532s ]

[ 2018-03-21T15:13:01+08:00 ] 127.0.0.1 /ElectiveSystem/index.php/Home/Teacher/add.html
INFO: [ app_init ] --START--
INFO: Run Behavior\BuildLiteBehavior [ RunTime:0.000025s ]
INFO: [ app_init ] --END-- [ RunTime:0.000610s ]
INFO: [ app_begin ] --START--
INFO: Run Behavior\ReadHtmlCacheBehavior [ RunTime:0.001517s ]
INFO: [ app_begin ] --END-- [ RunTime:0.001766s ]
INFO: [ view_parse ] --START--
INFO: [ template_filter ] --START--
INFO: Run Behavior\ContentReplaceBehavior [ RunTime:0.000068s ]
INFO: [ template_filter ] --END-- [ RunTime:0.000194s ]
INFO: Run Behavior\ParseTemplateBehavior [ RunTime:0.013898s ]
INFO: [ view_parse ] --END-- [ RunTime:0.014050s ]
INFO: [ view_filter ] --START--
INFO: Run Behavior\WriteHtmlCacheBehavior [ RunTime:0.001099s ]
INFO: [ view_filter ] --END-- [ RunTime:0.001219s ]
INFO: [ app_end ] --START--
INFO: Run Behavior\ShowPageTraceBehavior [ RunTime:0.001733s ]
INFO: [ app_end ] --END-- [ RunTime:0.001914s ]

[ 2018-03-21T15:13:29+08:00 ] 127.0.0.1 /ElectiveSystem/index.php/Home/Teacher/index.html
INFO: [ app_init ] --START--
INFO: Run Behavior\BuildLiteBehavior [ RunTime:0.000025s ]
INFO: [ app_init ] --END-- [ RunTime:0.000595s ]
INFO: [ app_begin ] --START--
INFO: Run Behavior\ReadHtmlCacheBehavior [ RunTime:0.001241s ]
INFO: [ app_begin ] --END-- [ RunTime:0.001396s ]
INFO: [ view_parse ] --START--
INFO: [ template_filter ] --START--
INFO: Run Behavior\ContentReplaceBehavior [ RunTime:0.000154s ]
INFO: [ template_filter ] --END-- [ RunTime:0.000548s ]
INFO: Run Behavior\ParseTemplateBehavior [ RunTime:0.011160s ]
INFO: [ view_parse ] --END-- [ RunTime:0.011282s ]
INFO: [ view_filter ] --START--
INFO: Run Behavior\WriteHtmlCacheBehavior [ RunTime:0.000947s ]
INFO: [ view_filter ] --END-- [ RunTime:0.001049s ]
INFO: [ app_end ] --START--
INFO: Run Behavior\ShowPageTraceBehavior [ RunTime:0.001107s ]
INFO: [ app_end ] --END-- [ RunTime:0.001214s ]

[ 2018-03-21T15:13:29+08:00 ] 127.0.0.1 /ElectiveSystem/index.php/Home/Teacher/coulist.html
INFO: [ app_init ] --START--
INFO: Run Behavior\BuildLiteBehavior [ RunTime:0.000023s ]
INFO: [ app_init ] --END-- [ RunTime:0.000576s ]
INFO: [ app_begin ] --START--
INFO: Run Behavior\ReadHtmlCacheBehavior [ RunTime:0.001106s ]
INFO: [ app_begin ] --END-- [ RunTime:0.001227s ]
SQL: SHOW COLUMNS FROM `course` [ RunTime:0.0026s ]
SQL: SELECT * FROM `course` WHERE `TeaNo` = '2'  [ RunTime:0.0004s ]
INFO: [ view_parse ] --START--
INFO: [ template_filter ] --START--
INFO: Run Behavior\ContentReplaceBehavior [ RunTime:0.000063s ]
INFO: [ template_filter ] --END-- [ RunTime:0.000174s ]
INFO: Run Behavior\ParseTemplateBehavior [ RunTime:0.011786s ]
INFO: [ view_parse ] --END-- [ RunTime:0.011950s ]
INFO: [ view_filter ] --START--
INFO: Run Behavior\WriteHtmlCacheBehavior [ RunTime:0.001713s ]
INFO: [ view_filter ] --END-- [ RunTime:0.001874s ]
INFO: [ app_end ] --START--
INFO: Run Behavior\ShowPageTraceBehavior [ RunTime:0.001372s ]
INFO: [ app_end ] --END-- [ RunTime:0.001577s ]

[ 2018-03-21T15:13:38+08:00 ] 127.0.0.1 /ElectiveSystem/index.php/Home/Teacher/edit_do.html
INFO: [ app_init ] --START--
INFO: Run Behavior\BuildLiteBehavior [ RunTime:0.000023s ]
INFO: [ app_init ] --END-- [ RunTime:0.000575s ]
INFO: [ app_begin ] --START--
INFO: Run Behavior\ReadHtmlCacheBehavior [ RunTime:0.001398s ]
INFO: [ app_begin ] --END-- [ RunTime:0.001550s ]
SQL: SHOW COLUMNS FROM `course` [ RunTime:0.0008s ]
SQL: SELECT * FROM `course` WHERE `CouNo` = 2 LIMIT 1   [ RunTime:0.0005s ]
INFO: [ view_parse ] --START--
INFO: [ template_filter ] --START--
INFO: Run Behavior\ContentReplaceBehavior [ RunTime:0.000061s ]
INFO: [ template_filter ] --END-- [ RunTime:0.000174s ]
INFO: Run Behavior\ParseTemplateBehavior [ RunTime:0.009834s ]
INFO: [ view_parse ] --END-- [ RunTime:0.010011s ]
INFO: [ view_filter ] --START--
INFO: Run Behavior\WriteHtmlCacheBehavior [ RunTime:0.000952s ]
INFO: [ view_filter ] --END-- [ RunTime:0.001055s ]
INFO: [ app_end ] --START--
INFO: Run Behavior\ShowPageTraceBehavior [ RunTime:0.001075s ]
INFO: [ app_end ] --END-- [ RunTime:0.001266s ]

[ 2018-03-21T15:13:39+08:00 ] 127.0.0.1 /ElectiveSystem/index.php/Home/Teacher/edit.html
INFO: [ app_init ] --START--
INFO: Run Behavior\BuildLiteBehavior [ RunTime:0.000034s ]
INFO: [ app_init ] --END-- [ RunTime:0.000904s ]
INFO: [ app_begin ] --START--
INFO: Run Behavior\ReadHtmlCacheBehavior [ RunTime:0.001626s ]
INFO: [ app_begin ] --END-- [ RunTime:0.001800s ]
INFO: [ view_parse ] --START--
INFO: [ template_filter ] --START--
INFO: Run Behavior\ContentReplaceBehavior [ RunTime:0.000091s ]
INFO: [ template_filter ] --END-- [ RunTime:0.000262s ]
INFO: Run Behavior\ParseTemplateBehavior [ RunTime:0.017248s ]
INFO: [ view_parse ] --END-- [ RunTime:0.017420s ]
INFO: [ view_filter ] --START--
INFO: Run Behavior\WriteHtmlCacheBehavior [ RunTime:0.001481s ]
INFO: [ view_filter ] --END-- [ RunTime:0.001636s ]
INFO: [ app_end ] --START--
INFO: Run Behavior\ShowPageTraceBehavior [ RunTime:0.001610s ]
INFO: [ app_end ] --END-- [ RunTime:0.001769s ]

