[ 2018-03-16T19:11:52+08:00 ] 127.0.0.1 /ElectiveSystem/index.php/Teacher/coulist.html
INFO: [ app_init ] --START--
INFO: Run Behavior\BuildLiteBehavior [ RunTime:0.000031s ]
INFO: [ app_init ] --END-- [ RunTime:0.000652s ]
ERR: 无法加载模块:Teacher

[ 2018-03-16T19:13:30+08:00 ] 127.0.0.1 /ElectiveSystem/index.php/Teacher/add.html
INFO: [ app_init ] --START--
INFO: Run Behavior\BuildLiteBehavior [ RunTime:0.000024s ]
INFO: [ app_init ] --END-- [ RunTime:0.000511s ]
ERR: 无法加载模块:Teacher

[ 2018-03-16T19:13:36+08:00 ] 127.0.0.1 /ElectiveSystem/index.php/Teacher/teaedit_do.html
INFO: [ app_init ] --START--
INFO: Run Behavior\BuildLiteBehavior [ RunTime:0.000069s ]
INFO: [ app_init ] --END-- [ RunTime:0.000856s ]
ERR: 无法加载模块:Teacher

[ 2018-03-16T19:14:41+08:00 ] 127.0.0.1 /ElectiveSystem/index.php/Teacher/teaedit_do.html
INFO: [ app_init ] --START--
INFO: Run Behavior\BuildLiteBehavior [ RunTime:0.000074s ]
INFO: [ app_init ] --END-- [ RunTime:0.002288s ]
ERR: 无法加载模块:Teacher

[ 2018-03-16T19:20:12+08:00 ] 127.0.0.1 /ElectiveSystem/index.php/Teacher/teaedit_edit.html
INFO: [ app_init ] --START--
INFO: Run Behavior\BuildLiteBehavior [ RunTime:0.000024s ]
INFO: [ app_init ] --END-- [ RunTime:0.000502s ]
ERR: 无法加载模块:Teacher

[ 2018-03-16T19:21:49+08:00 ] 127.0.0.1 /ElectiveSystem/index.php/Teacher/teaedit_edit.html
INFO: [ app_init ] --START--
INFO: Run Behavior\BuildLiteBehavior [ RunTime:0.000024s ]
INFO: [ app_init ] --END-- [ RunTime:0.000522s ]
ERR: 无法加载模块:Teacher

[ 2018-03-16T19:21:55+08:00 ] 127.0.0.1 /ElectiveSystem/index.php/Teacher/teaedit_edit.html
INFO: [ app_init ] --START--
INFO: Run Behavior\BuildLiteBehavior [ RunTime:0.000036s ]
INFO: [ app_init ] --END-- [ RunTime:0.000555s ]
ERR: 无法加载模块:Teacher

[ 2018-03-16T19:23:05+08:00 ] 127.0.0.1 /ElectiveSystem/index.php/Teacher/index.html
INFO: [ app_init ] --START--
INFO: Run Behavior\BuildLiteBehavior [ RunTime:0.000023s ]
INFO: [ app_init ] --END-- [ RunTime:0.000493s ]
ERR: 无法加载模块:Teacher

[ 2018-03-16T19:23:46+08:00 ] 127.0.0.1 /ElectiveSystem/index.php/Teacher/index.html
INFO: [ app_init ] --START--
INFO: Run Behavior\BuildLiteBehavior [ RunTime:0.000024s ]
INFO: [ app_init ] --END-- [ RunTime:0.000500s ]
ERR: 无法加载模块:Teacher

[ 2018-03-16T19:23:49+08:00 ] 127.0.0.1 /ElectiveSystem/index.php/Teacher/index.html
INFO: [ app_init ] --START--
INFO: Run Behavior\BuildLiteBehavior [ RunTime:0.000079s ]
INFO: [ app_init ] --END-- [ RunTime:0.000946s ]
ERR: 无法加载模块:Teacher

[ 2018-03-16T19:24:00+08:00 ] 127.0.0.1 /ElectiveSystem/index.php/Teacher/courseListDetail.html
INFO: [ app_init ] --START--
INFO: Run Behavior\BuildLiteBehavior [ RunTime:0.000059s ]
INFO: [ app_init ] --END-- [ RunTime:0.001199s ]
ERR: 无法加载模块:Teacher

[ 2018-03-16T19:26:56+08:00 ] 127.0.0.1 /ElectiveSystem/index.php/Teacher/edit.html
INFO: [ app_init ] --START--
INFO: Run Behavior\BuildLiteBehavior [ RunTime:0.000040s ]
INFO: [ app_init ] --END-- [ RunTime:0.000813s ]
ERR: 无法加载模块:Teacher

[ 2018-03-16T21:09:21+08:00 ] 127.0.0.1 /ElectiveSystem/index.php/Teacher/coulist.html
INFO: [ app_init ] --START--
INFO: Run Behavior\BuildLiteBehavior [ RunTime:0.000024s ]
INFO: [ app_init ] --END-- [ RunTime:0.000488s ]
ERR: 无法加载模块:Teacher

[ 2018-03-16T21:09:57+08:00 ] 127.0.0.1 /ElectiveSystem/index.php/Teacher/coulist.html
INFO: [ app_init ] --START--
INFO: Run Behavior\BuildLiteBehavior [ RunTime:0.000024s ]
INFO: [ app_init ] --END-- [ RunTime:0.000518s ]
ERR: 无法加载模块:Teacher

