[ 2018-03-15T13:55:59+08:00 ] 127.0.0.1 /ElectiveSystem/index.php/Index/checkLogin.html
INFO: [ app_init ] --START--
INFO: Run Behavior\BuildLiteBehavior [ RunTime:0.000024s ]
INFO: [ app_init ] --END-- [ RunTime:0.000524s ]
ERR: 无法加载模块:Index

[ 2018-03-15T14:00:34+08:00 ] 127.0.0.1 /ElectiveSystem/index.php/Index/checkLogin.html
INFO: [ app_init ] --START--
INFO: Run Behavior\BuildLiteBehavior [ RunTime:0.000040s ]
INFO: [ app_init ] --END-- [ RunTime:0.000596s ]
ERR: 无法加载模块:Index

[ 2018-03-15T14:07:28+08:00 ] 127.0.0.1 /ElectiveSystem/index.php/Index/checkLogin.html
INFO: [ app_init ] --START--
INFO: Run Behavior\BuildLiteBehavior [ RunTime:0.000023s ]
INFO: [ app_init ] --END-- [ RunTime:0.000484s ]
ERR: 无法加载模块:Index

[ 2018-03-15T14:08:22+08:00 ] 127.0.0.1 /ElectiveSystem/index.php/Index/checkLogin.html
INFO: [ app_init ] --START--
INFO: Run Behavior\BuildLiteBehavior [ RunTime:0.000023s ]
INFO: [ app_init ] --END-- [ RunTime:0.000494s ]
ERR: 无法加载模块:Index

[ 2018-03-15T14:09:57+08:00 ] 127.0.0.1 /ElectiveSystem/index.php/Index/checkLogin.html
INFO: [ app_init ] --START--
INFO: Run Behavior\BuildLiteBehavior [ RunTime:0.000041s ]
INFO: [ app_init ] --END-- [ RunTime:0.001132s ]
ERR: 无法加载模块:Index

[ 2018-03-15T14:12:57+08:00 ] 127.0.0.1 /ElectiveSystem/index.php/Index/checkLogin.html
INFO: [ app_init ] --START--
INFO: Run Behavior\BuildLiteBehavior [ RunTime:0.000023s ]
INFO: [ app_init ] --END-- [ RunTime:0.000513s ]
ERR: 无法加载模块:Index

[ 2018-03-15T15:35:57+08:00 ] 127.0.0.1 /ElectiveSystem/index.php/Student/index.html
INFO: [ app_init ] --START--
INFO: Run Behavior\BuildLiteBehavior [ RunTime:0.000047s ]
INFO: [ app_init ] --END-- [ RunTime:0.002013s ]
ERR: 无法加载模块:Student

[ 2018-03-15T15:37:45+08:00 ] 127.0.0.1 /ElectiveSystem/index.php/Student/index.html
INFO: [ app_init ] --START--
INFO: Run Behavior\BuildLiteBehavior [ RunTime:0.000023s ]
INFO: [ app_init ] --END-- [ RunTime:0.000525s ]
ERR: 无法加载模块:Student

[ 2018-03-15T15:37:46+08:00 ] 127.0.0.1 /ElectiveSystem/index.php/Student/index.html
INFO: [ app_init ] --START--
INFO: Run Behavior\BuildLiteBehavior [ RunTime:0.000024s ]
INFO: [ app_init ] --END-- [ RunTime:0.000528s ]
ERR: 无法加载模块:Student

[ 2018-03-15T15:37:48+08:00 ] 127.0.0.1 /ElectiveSystem/index.php/Student/index.html
INFO: [ app_init ] --START--
INFO: Run Behavior\BuildLiteBehavior [ RunTime:0.000362s ]
INFO: [ app_init ] --END-- [ RunTime:0.001470s ]
ERR: 无法加载模块:Student

[ 2018-03-15T15:37:56+08:00 ] 127.0.0.1 /ElectiveSystem/index.php/Student/index.html
INFO: [ app_init ] --START--
INFO: Run Behavior\BuildLiteBehavior [ RunTime:0.000063s ]
INFO: [ app_init ] --END-- [ RunTime:0.001211s ]
ERR: 无法加载模块:Student

[ 2018-03-15T15:38:04+08:00 ] 127.0.0.1 /ElectiveSystem/index.php/Student/index.html
INFO: [ app_init ] --START--
INFO: Run Behavior\BuildLiteBehavior [ RunTime:0.000022s ]
INFO: [ app_init ] --END-- [ RunTime:0.000509s ]
ERR: 无法加载模块:Student

[ 2018-03-15T15:38:05+08:00 ] 127.0.0.1 /ElectiveSystem/index.php/Student/index.html
INFO: [ app_init ] --START--
INFO: Run Behavior\BuildLiteBehavior [ RunTime:0.000023s ]
INFO: [ app_init ] --END-- [ RunTime:0.000517s ]
ERR: 无法加载模块:Student

[ 2018-03-15T15:38:05+08:00 ] 127.0.0.1 /ElectiveSystem/index.php/Student/index.html
INFO: [ app_init ] --START--
INFO: Run Behavior\BuildLiteBehavior [ RunTime:0.000025s ]
INFO: [ app_init ] --END-- [ RunTime:0.000545s ]
ERR: 无法加载模块:Student

[ 2018-03-15T15:38:05+08:00 ] 127.0.0.1 /ElectiveSystem/index.php/Student/index.html
INFO: [ app_init ] --START--
INFO: Run Behavior\BuildLiteBehavior [ RunTime:0.000023s ]
INFO: [ app_init ] --END-- [ RunTime:0.000633s ]
ERR: 无法加载模块:Student

[ 2018-03-15T15:38:39+08:00 ] 127.0.0.1 /ElectiveSystem/index.php/Student/index.html
INFO: [ app_init ] --START--
INFO: Run Behavior\BuildLiteBehavior [ RunTime:0.000023s ]
INFO: [ app_init ] --END-- [ RunTime:0.000544s ]
ERR: 无法加载模块:Student

[ 2018-03-15T15:38:40+08:00 ] 127.0.0.1 /ElectiveSystem/index.php/Student/index.html
INFO: [ app_init ] --START--
INFO: Run Behavior\BuildLiteBehavior [ RunTime:0.000028s ]
INFO: [ app_init ] --END-- [ RunTime:0.000920s ]
ERR: 无法加载模块:Student

[ 2018-03-15T15:38:40+08:00 ] 127.0.0.1 /ElectiveSystem/index.php/Student/index.html
INFO: [ app_init ] --START--
INFO: Run Behavior\BuildLiteBehavior [ RunTime:0.000024s ]
INFO: [ app_init ] --END-- [ RunTime:0.000518s ]
ERR: 无法加载模块:Student

[ 2018-03-15T15:38:40+08:00 ] 127.0.0.1 /ElectiveSystem/index.php/Student/index.html
INFO: [ app_init ] --START--
INFO: Run Behavior\BuildLiteBehavior [ RunTime:0.000023s ]
INFO: [ app_init ] --END-- [ RunTime:0.000534s ]
ERR: 无法加载模块:Student

[ 2018-03-15T15:44:35+08:00 ] 127.0.0.1 /ElectiveSystem/index.php/Student/index.html
INFO: [ app_init ] --START--
INFO: Run Behavior\BuildLiteBehavior [ RunTime:0.000023s ]
INFO: [ app_init ] --END-- [ RunTime:0.000531s ]
ERR: 无法加载模块:Student

[ 2018-03-15T15:44:36+08:00 ] 127.0.0.1 /ElectiveSystem/index.php/Student/index.html
INFO: [ app_init ] --START--
INFO: Run Behavior\BuildLiteBehavior [ RunTime:0.000023s ]
INFO: [ app_init ] --END-- [ RunTime:0.000506s ]
ERR: 无法加载模块:Student

[ 2018-03-15T15:44:46+08:00 ] 127.0.0.1 /ElectiveSystem/index.php/Student/index.html
INFO: [ app_init ] --START--
INFO: Run Behavior\BuildLiteBehavior [ RunTime:0.000026s ]
INFO: [ app_init ] --END-- [ RunTime:0.000686s ]
ERR: 无法加载模块:Student

[ 2018-03-15T15:46:21+08:00 ] 127.0.0.1 /ElectiveSystem/index.php/Student/index.html
INFO: [ app_init ] --START--
INFO: Run Behavior\BuildLiteBehavior [ RunTime:0.000023s ]
INFO: [ app_init ] --END-- [ RunTime:0.000516s ]
ERR: 无法加载模块:Student

[ 2018-03-15T15:46:58+08:00 ] 127.0.0.1 /ElectiveSystem/index.php/Student/index.html
INFO: [ app_init ] --START--
INFO: Run Behavior\BuildLiteBehavior [ RunTime:0.000041s ]
INFO: [ app_init ] --END-- [ RunTime:0.000933s ]
ERR: 无法加载模块:Student

[ 2018-03-15T15:52:14+08:00 ] 127.0.0.1 /ElectiveSystem/index.php/Student/stuedit_do.html
INFO: [ app_init ] --START--
INFO: Run Behavior\BuildLiteBehavior [ RunTime:0.000028s ]
INFO: [ app_init ] --END-- [ RunTime:0.000548s ]
ERR: 无法加载模块:Student

[ 2018-03-15T15:55:45+08:00 ] 127.0.0.1 /ElectiveSystem/index.php/Index/index.html
INFO: [ app_init ] --START--
INFO: Run Behavior\BuildLiteBehavior [ RunTime:0.000024s ]
INFO: [ app_init ] --END-- [ RunTime:0.000661s ]
ERR: 无法加载模块:Index

[ 2018-03-15T15:56:38+08:00 ] 127.0.0.1 /ElectiveSystem/index.php/Teacher/add.html
INFO: [ app_init ] --START--
INFO: Run Behavior\BuildLiteBehavior [ RunTime:0.000025s ]
INFO: [ app_init ] --END-- [ RunTime:0.000552s ]
ERR: 无法加载模块:Teacher

[ 2018-03-15T15:57:00+08:00 ] 127.0.0.1 /ElectiveSystem/index.php/Index/index.html
INFO: [ app_init ] --START--
INFO: Run Behavior\BuildLiteBehavior [ RunTime:0.000026s ]
INFO: [ app_init ] --END-- [ RunTime:0.000823s ]
ERR: 无法加载模块:Index

[ 2018-03-15T16:01:54+08:00 ] 127.0.0.1 /ElectiveSystem/index.php/Index/index.html
INFO: [ app_init ] --START--
INFO: Run Behavior\BuildLiteBehavior [ RunTime:0.000025s ]
INFO: [ app_init ] --END-- [ RunTime:0.000531s ]
ERR: 无法加载模块:Index

[ 2018-03-15T16:02:02+08:00 ] 127.0.0.1 /ElectiveSystem/index.php/Index/index.html
INFO: [ app_init ] --START--
INFO: Run Behavior\BuildLiteBehavior [ RunTime:0.000022s ]
INFO: [ app_init ] --END-- [ RunTime:0.000509s ]
ERR: 无法加载模块:Index

[ 2018-03-15T16:02:14+08:00 ] 127.0.0.1 /ElectiveSystem/index.php/Student/index.html
INFO: [ app_init ] --START--
INFO: Run Behavior\BuildLiteBehavior [ RunTime:0.000023s ]
INFO: [ app_init ] --END-- [ RunTime:0.000495s ]
ERR: 无法加载模块:Student

[ 2018-03-15T20:31:51+08:00 ] 127.0.0.1 /ElectiveSystem/index.php/Student/stuedit_do.html
INFO: [ app_init ] --START--
INFO: Run Behavior\BuildLiteBehavior [ RunTime:0.000038s ]
INFO: [ app_init ] --END-- [ RunTime:0.000607s ]
ERR: 无法加载模块:Student

[ 2018-03-15T21:32:09+08:00 ] 127.0.0.1 /ElectiveSystem/index.php/Index/index.html
INFO: [ app_init ] --START--
INFO: Run Behavior\BuildLiteBehavior [ RunTime:0.000042s ]
INFO: [ app_init ] --END-- [ RunTime:0.000838s ]
ERR: 无法加载模块:Index

[ 2018-03-15T21:32:30+08:00 ] 127.0.0.1 /ElectiveSystem/index.php/Teacher/teaedit_do.html
INFO: [ app_init ] --START--
INFO: Run Behavior\BuildLiteBehavior [ RunTime:0.000027s ]
INFO: [ app_init ] --END-- [ RunTime:0.000630s ]
ERR: 无法加载模块:Teacher

[ 2018-03-15T21:33:17+08:00 ] 127.0.0.1 /ElectiveSystem/index.php/Index/index.html
INFO: [ app_init ] --START--
INFO: Run Behavior\BuildLiteBehavior [ RunTime:0.000043s ]
INFO: [ app_init ] --END-- [ RunTime:0.001635s ]
ERR: 无法加载模块:Index

[ 2018-03-15T21:35:20+08:00 ] 127.0.0.1 /ElectiveSystem/index.php/Index/index.html
INFO: [ app_init ] --START--
INFO: Run Behavior\BuildLiteBehavior [ RunTime:0.000040s ]
INFO: [ app_init ] --END-- [ RunTime:0.001496s ]
ERR: 无法加载模块:Index

[ 2018-03-15T21:36:40+08:00 ] 127.0.0.1 /ElectiveSystem/index.php/Index/index.html
INFO: [ app_init ] --START--
INFO: Run Behavior\BuildLiteBehavior [ RunTime:0.000025s ]
INFO: [ app_init ] --END-- [ RunTime:0.000557s ]
ERR: 无法加载模块:Index

[ 2018-03-15T22:27:23+08:00 ] 127.0.0.1 /ElectiveSystem/index.php/Student/stuedit_do.html
INFO: [ app_init ] --START--
INFO: Run Behavior\BuildLiteBehavior [ RunTime:0.000023s ]
INFO: [ app_init ] --END-- [ RunTime:0.000567s ]
ERR: 无法加载模块:Student

[ 2018-03-15T22:27:56+08:00 ] 127.0.0.1 /ElectiveSystem/index.php/Student/stuedit_do.html
INFO: [ app_init ] --START--
INFO: Run Behavior\BuildLiteBehavior [ RunTime:0.000024s ]
INFO: [ app_init ] --END-- [ RunTime:0.000574s ]
ERR: 无法加载模块:Student

[ 2018-03-15T22:28:27+08:00 ] 127.0.0.1 /ElectiveSystem/index.php/Student/stuedit_do.html
INFO: [ app_init ] --START--
INFO: Run Behavior\BuildLiteBehavior [ RunTime:0.000023s ]
INFO: [ app_init ] --END-- [ RunTime:0.000562s ]
ERR: 无法加载模块:Student

[ 2018-03-15T22:28:32+08:00 ] 127.0.0.1 /ElectiveSystem/index.php/Student/stuedit_do.html
INFO: [ app_init ] --START--
INFO: Run Behavior\BuildLiteBehavior [ RunTime:0.000026s ]
INFO: [ app_init ] --END-- [ RunTime:0.000712s ]
ERR: 无法加载模块:Student

[ 2018-03-15T22:29:28+08:00 ] 127.0.0.1 /ElectiveSystem/index.php/Student/stuedit_do.html
INFO: [ app_init ] --START--
INFO: Run Behavior\BuildLiteBehavior [ RunTime:0.000039s ]
INFO: [ app_init ] --END-- [ RunTime:0.000948s ]
ERR: 无法加载模块:Student

[ 2018-03-15T22:32:03+08:00 ] 127.0.0.1 /ElectiveSystem/index.php/Student/stuedit_do.html
INFO: [ app_init ] --START--
INFO: Run Behavior\BuildLiteBehavior [ RunTime:0.000025s ]
INFO: [ app_init ] --END-- [ RunTime:0.000600s ]
ERR: 无法加载模块:Student

